2021-03-04T08:39:28+00:00 CRITICAL Uncaught Error: Class 'Hotel_Alone_Helper' not found in C:\xampp\htdocs\tourphoria\wp-content\themes\traveler\header-hotel-activity.php:19
Stack trace:
#0 C:\xampp\htdocs\tourphoria\wp-includes\template.php(730): require_once()
#1 C:\xampp\htdocs\tourphoria\wp-includes\template.php(676): load_template('C:\\xampp\\htdocs...', true, Array)
#2 C:\xampp\htdocs\tourphoria\wp-includes\general-template.php(48): locate_template(Array, true, true, Array)
#3 C:\xampp\htdocs\tourphoria\wp-content\themes\traveler\template-hotel-activity.php(6): get_header('hotel-activity')
#4 C:\xampp\htdocs\tourphoria\wp-includes\template-loader.php(106): include('C:\\xampp\\htdocs...')
#5 C:\xampp\htdocs\tourphoria\wp-blog-header.php(19): require_once('C:\\xampp\\htdocs...')
#6 C:\xampp\htdocs\tourphoria\index.php(17): require('C:\\xampp\\htdocs...')
#7 {main}
  thrown in C:\xampp\htdocs\tourphoria\wp-content\themes\traveler\header-hotel-activity.php on line 19

2021-03-04T08:39:36+00:00 CRITICAL Uncaught Error: Class 'Hotel_Alone_Helper' not found in C:\xampp\htdocs\tourphoria\wp-content\themes\traveler\header-hotel-activity.php:19
Stack trace:
#0 C:\xampp\htdocs\tourphoria\wp-includes\template.php(730): require_once()
#1 C:\xampp\htdocs\tourphoria\wp-includes\template.php(676): load_template('C:\\xampp\\htdocs...', true, Array)
#2 C:\xampp\htdocs\tourphoria\wp-includes\general-template.php(48): locate_template(Array, true, true, Array)
#3 C:\xampp\htdocs\tourphoria\wp-content\themes\traveler\template-hotel-activity.php(6): get_header('hotel-activity')
#4 C:\xampp\htdocs\tourphoria\wp-includes\template-loader.php(106): include('C:\\xampp\\htdocs...')
#5 C:\xampp\htdocs\tourphoria\wp-blog-header.php(19): require_once('C:\\xampp\\htdocs...')
#6 C:\xampp\htdocs\tourphoria\index.php(17): require('C:\\xampp\\htdocs...')
#7 {main}
  thrown in C:\xampp\htdocs\tourphoria\wp-content\themes\traveler\header-hotel-activity.php on line 19

2021-03-04T08:48:39+00:00 CRITICAL Uncaught Error: Class 'Hotel_Alone_Helper' not found in C:\xampp\htdocs\tourphoria\wp-content\themes\traveler\header-hotel-activity.php:19
Stack trace:
#0 C:\xampp\htdocs\tourphoria\wp-includes\template.php(730): require_once()
#1 C:\xampp\htdocs\tourphoria\wp-includes\template.php(676): load_template('C:\\xampp\\htdocs...', true, Array)
#2 C:\xampp\htdocs\tourphoria\wp-includes\general-template.php(48): locate_template(Array, true, true, Array)
#3 C:\xampp\htdocs\tourphoria\wp-content\themes\traveler\template-hotel-activity.php(6): get_header('hotel-activity')
#4 C:\xampp\htdocs\tourphoria\wp-includes\template-loader.php(106): include('C:\\xampp\\htdocs...')
#5 C:\xampp\htdocs\tourphoria\wp-blog-header.php(19): require_once('C:\\xampp\\htdocs...')
#6 C:\xampp\htdocs\tourphoria\index.php(17): require('C:\\xampp\\htdocs...')
#7 {main}
  thrown in C:\xampp\htdocs\tourphoria\wp-content\themes\traveler\header-hotel-activity.php on line 19

2021-03-04T08:48:45+00:00 CRITICAL Uncaught Error: Class 'Hotel_Alone_Helper' not found in C:\xampp\htdocs\tourphoria\wp-content\themes\traveler\header-hotel-activity.php:19
Stack trace:
#0 C:\xampp\htdocs\tourphoria\wp-includes\template.php(730): require_once()
#1 C:\xampp\htdocs\tourphoria\wp-includes\template.php(676): load_template('C:\\xampp\\htdocs...', true, Array)
#2 C:\xampp\htdocs\tourphoria\wp-includes\general-template.php(48): locate_template(Array, true, true, Array)
#3 C:\xampp\htdocs\tourphoria\wp-content\themes\traveler\template-hotel-activity.php(6): get_header('hotel-activity')
#4 C:\xampp\htdocs\tourphoria\wp-includes\template-loader.php(106): include('C:\\xampp\\htdocs...')
#5 C:\xampp\htdocs\tourphoria\wp-blog-header.php(19): require_once('C:\\xampp\\htdocs...')
#6 C:\xampp\htdocs\tourphoria\index.php(17): require('C:\\xampp\\htdocs...')
#7 {main}
  thrown in C:\xampp\htdocs\tourphoria\wp-content\themes\traveler\header-hotel-activity.php on line 19

2021-03-04T08:50:16+00:00 CRITICAL Uncaught Error: Class 'Hotel_Alone_Helper' not found in C:\xampp\htdocs\tourphoria\wp-content\themes\traveler\header-hotel-activity.php:19
Stack trace:
#0 C:\xampp\htdocs\tourphoria\wp-includes\template.php(730): require_once()
#1 C:\xampp\htdocs\tourphoria\wp-includes\template.php(676): load_template('C:\\xampp\\htdocs...', true, Array)
#2 C:\xampp\htdocs\tourphoria\wp-includes\general-template.php(48): locate_template(Array, true, true, Array)
#3 C:\xampp\htdocs\tourphoria\wp-content\themes\traveler\template-hotel-activity.php(6): get_header('hotel-activity')
#4 C:\xampp\htdocs\tourphoria\wp-includes\template-loader.php(106): include('C:\\xampp\\htdocs...')
#5 C:\xampp\htdocs\tourphoria\wp-blog-header.php(19): require_once('C:\\xampp\\htdocs...')
#6 C:\xampp\htdocs\tourphoria\index.php(17): require('C:\\xampp\\htdocs...')
#7 {main}
  thrown in C:\xampp\htdocs\tourphoria\wp-content\themes\traveler\header-hotel-activity.php on line 19

2021-03-04T08:50:37+00:00 CRITICAL Uncaught Error: Class 'Hotel_Alone_Helper' not found in C:\xampp\htdocs\tourphoria\wp-content\themes\traveler\header-hotel-activity.php:19
Stack trace:
#0 C:\xampp\htdocs\tourphoria\wp-includes\template.php(730): require_once()
#1 C:\xampp\htdocs\tourphoria\wp-includes\template.php(676): load_template('C:\\xampp\\htdocs...', true, Array)
#2 C:\xampp\htdocs\tourphoria\wp-includes\general-template.php(48): locate_template(Array, true, true, Array)
#3 C:\xampp\htdocs\tourphoria\wp-content\themes\traveler\template-hotel-activity.php(6): get_header('hotel-activity')
#4 C:\xampp\htdocs\tourphoria\wp-includes\template-loader.php(106): include('C:\\xampp\\htdocs...')
#5 C:\xampp\htdocs\tourphoria\wp-blog-header.php(19): require_once('C:\\xampp\\htdocs...')
#6 C:\xampp\htdocs\tourphoria\index.php(17): require('C:\\xampp\\htdocs...')
#7 {main}
  thrown in C:\xampp\htdocs\tourphoria\wp-content\themes\traveler\header-hotel-activity.php on line 19

